[2023-05-31T23:07:40.319+0000] {taskinstance.py:1103} INFO - Dependencies all met for dep_context=non-requeueable deps ti=<TaskInstance: docs_example_dag.tell_me_what_to_do manual__2023-05-31T23:02:37.959486+00:00 [queued]>
[2023-05-31T23:07:40.323+0000] {taskinstance.py:1103} INFO - Dependencies all met for dep_context=requeueable deps ti=<TaskInstance: docs_example_dag.tell_me_what_to_do manual__2023-05-31T23:02:37.959486+00:00 [queued]>
[2023-05-31T23:07:40.323+0000] {taskinstance.py:1308} INFO - Starting attempt 2 of 2
[2023-05-31T23:07:40.330+0000] {taskinstance.py:1327} INFO - Executing <Task(_PythonDecoratedOperator): tell_me_what_to_do> on 2023-05-31 23:02:37.959486+00:00
[2023-05-31T23:07:40.333+0000] {standard_task_runner.py:57} INFO - Started process 142 to run task
[2023-05-31T23:07:40.335+0000] {standard_task_runner.py:84} INFO - Running: ['***', 'tasks', 'run', 'docs_example_dag', 'tell_me_what_to_do', 'manual__2023-05-31T23:02:37.959486+00:00', '--job-id', '12', '--raw', '--subdir', 'DAGS_FOLDER/Csv2Delta/dags/Csv2Delta_dag.py', '--cfg-path', '/tmp/tmpkge64w4t']
[2023-05-31T23:07:40.335+0000] {standard_task_runner.py:85} INFO - Job 12: Subtask tell_me_what_to_do
[2023-05-31T23:07:40.361+0000] {task_command.py:410} INFO - Running <TaskInstance: docs_example_dag.tell_me_what_to_do manual__2023-05-31T23:02:37.959486+00:00 [running]> on host 58054f4efef6
[2023-05-31T23:07:40.397+0000] {taskinstance.py:1545} INFO - Exporting env vars: AIRFLOW_CTX_DAG_EMAIL='phomsophaN@saccounty.net' AIRFLOW_CTX_DAG_OWNER='***' AIRFLOW_CTX_DAG_ID='docs_example_dag' AIRFLOW_CTX_TASK_ID='tell_me_what_to_do' AIRFLOW_CTX_EXECUTION_DATE='2023-05-31T23:02:37.959486+00:00' AIRFLOW_CTX_TRY_NUMBER='2' AIRFLOW_CTX_DAG_RUN_ID='manual__2023-05-31T23:02:37.959486+00:00'
[2023-05-31T23:07:40.398+0000] {taskinstance.py:1824} ERROR - Task failed with exception
Traceback (most recent call last):
  File "/home/airflow/.local/lib/python3.10/site-packages/airflow/decorators/base.py", line 220, in execute
    return_value = super().execute(context)
  File "/home/airflow/.local/lib/python3.10/site-packages/airflow/operators/python.py", line 181, in execute
    return_value = self.execute_callable()
  File "/home/airflow/.local/lib/python3.10/site-packages/airflow/operators/python.py", line 198, in execute_callable
    return self.python_callable(*self.op_args, **self.op_kwargs)
  File "/opt/airflow/dags/Csv2Delta/dags/Csv2Delta_dag.py", line 32, in tell_me_what_to_do
    response = requests.get("https://www.boredapi.com/api/activity")
NameError: name 'requests' is not defined
[2023-05-31T23:07:40.403+0000] {taskinstance.py:1345} INFO - Marking task as FAILED. dag_id=docs_example_dag, task_id=tell_me_what_to_do, execution_date=20230531T230237, start_date=20230531T230740, end_date=20230531T230740
[2023-05-31T23:07:40.411+0000] {standard_task_runner.py:104} ERROR - Failed to execute job 12 for task tell_me_what_to_do (name 'requests' is not defined; 142)
[2023-05-31T23:07:40.426+0000] {local_task_job_runner.py:225} INFO - Task exited with return code 1
[2023-05-31T23:07:40.435+0000] {taskinstance.py:2651} INFO - 0 downstream tasks scheduled from follow-on schedule check
